04/07/2021 22:13:30 [OpenDyns]  select T.*  from TAS.VIEW_PANEL T
04/07/2021 22:13:30 [OpenDyns] Oracle.ManagedDataAccess.Client.OracleException (0x80004005): Oracle error ORA-12571 encountered ---> OracleInternal.Network.NetworkException (0x80004005): Oracle error ORA-12571 encountered ---> System.Net.Sockets.SocketException (0x80004005): An existing connection was forcibly closed by the remote host
   at System.Net.Sockets.Socket.Send(Byte[] buffer, Int32 offset, Int32 size, SocketFlags socketFlags)
   at OracleInternal.Network.TcpTransportAdapter.Send(OraBuf OB)
   at OracleInternal.Network.TcpTransportAdapter.Send(OraBuf OB)
   at OracleInternal.Network.WriterStream.Write(OraBuf OB)
   at OracleInternal.TTC.OraBufWriter.FlushData()
   at OracleInternal.TTC.TTCReExecuteSql.WriteMessage(Int16 ttcCallCode, Int32 cursorId, Int32 exerof, Int32 execFlags, Int64 numIterations, Boolean bArrayBinding, MarshalBindParameterValueHelper& marshalBindParamsHelper)
   at Oracle.ManagedDataAccess.Client.OracleException.HandleError(OracleTraceLevel level, OracleTraceTag tag, Exception ex, OracleLogicalTransaction oracleLogicalTransaction)
   at OracleInternal.TTC.TTCReExecuteSql.WriteMessage(Int16 ttcCallCode, Int32 cursorId, Int32 exerof, Int32 execFlags, Int64 numIterations, Boolean bArrayBinding, MarshalBindParameterValueHelper& marshalBindParamsHelper)
   at OracleInternal.TTC.TTCExecuteSql.SendReExecuteRequest(OracleConnectionImpl commImpl, Int32 cursorId, Int64 noOfRowsToFetch, Boolean bAutoCommit, Boolean bDisableCompressedFetch, SqlStatementType stmtType, Int32 arrayBindCount, MarshalBindParameterValueHelper& marshalArrayBindValuesHelper)
   at OracleInternal.ServiceObjects.OracleCommandImpl.ExecuteReader(String commandText, OracleParameterCollection paramColl, CommandType commandType, OracleConnectionImpl connectionImpl, OracleDataReaderImpl& rdrImpl, Int32 longFetchSize, Int64 clientInitialLOBFS, OracleDependencyImpl orclDependencyImpl, Int64[] scnForExecution, Int64[]& scnFromExecution, OracleParameterCollection& bindByPositionParamColl, Boolean& bBindParamPresent, Int64& internalInitialLOBFS, OracleException& exceptionForArrayBindDML, OracleConnection connection, OracleLogicalTransaction& oracleLogicalTransaction, IEnumerable`1 adrianParsedStmt, Boolean isDescribeOnly, Boolean isFromEF)
   at Oracle.ManagedDataAccess.Client.OracleCommand.ExecuteReader(Boolean requery, Boolean fillRequest, CommandBehavior behavior)
   at Oracle.ManagedDataAccess.Client.OracleDataAdapter.Fill(DataSet dataSet, Int32 startRecord, Int32 maxRecords, String srcTable, IDbCommand command, CommandBehavior behavior)
   at System.Data.Common.DbDataAdapter.Fill(DataSet dataSet, String srcTable)
   at GINNTAS.COracle.OpenDys(String strSQL, String pTableName, DataSet& mDataSet, String& SQL_Execution_Error, Boolean pShowErr) in D:\SVN\Source Code\TLB Project\Development\TLB_WIN_VB.NET_TAS Upgrade\GINNTAS\classs\COracle.vb:line 227
04/07/2021 22:13:31 [OpenDyns]  select T.*  from TAS.VIEW_PANEL T
04/07/2021 22:13:31 [OpenDyns] Oracle.ManagedDataAccess.Client.OracleException (0x80004005): Oracle error ORA-12571 encountered ---> OracleInternal.Network.NetworkException (0x80004005): Oracle error ORA-12571 encountered ---> System.Net.Sockets.SocketException (0x80004005): An existing connection was forcibly closed by the remote host
   at System.Net.Sockets.Socket.Send(Byte[] buffer, Int32 offset, Int32 size, SocketFlags socketFlags)
   at OracleInternal.Network.TcpTransportAdapter.Send(OraBuf OB)
   at OracleInternal.Network.TcpTransportAdapter.Send(OraBuf OB)
   at OracleInternal.Network.WriterStream.Write(OraBuf OB)
   at OracleInternal.TTC.OraBufWriter.FlushData()
   at OracleInternal.TTC.TTCExecuteSql.WriteOall8Message(Byte[] sqlStmtByteStream, Int32 cursorId, Int64 dbChangeRegistrationId, Int64 executeOptions, ColumnDescribeInfo[] colDefinesInfoArray, Int32 longFetchSize, Int32 arrayBindCount, Int32 numDefineCols, Int64 noOfRowsToFetch, SqlStatementType stmtType, MarshalBindParameterValueHelper& marshalBindParamsHelper, Int32 startIndex)
   at Oracle.ManagedDataAccess.Client.OracleException.HandleError(OracleTraceLevel level, OracleTraceTag tag, Exception ex, OracleLogicalTransaction oracleLogicalTransaction)
   at OracleInternal.TTC.TTCExecuteSql.WriteOall8Message(Byte[] sqlStmtByteStream, Int32 cursorId, Int64 dbChangeRegistrationId, Int64 executeOptions, ColumnDescribeInfo[] colDefinesInfoArray, Int32 longFetchSize, Int32 arrayBindCount, Int32 numDefineCols, Int64 noOfRowsToFetch, SqlStatementType stmtType, MarshalBindParameterValueHelper& marshalBindParamsHelper, Int32 startIndex)
   at OracleInternal.TTC.TTCExecuteSql.SendExecuteRequest(OracleConnectionImpl commImpl, Byte[] sqlStmtByteStream, Boolean bHasReturningClause, Int32 cursorId, Int64 dbChangeRegistrationId, ColumnDescribeInfo[] columnDefines, Int64 noOfRowsToFetch, Boolean parse, Boolean execute, Boolean fetch, Boolean define, Boolean bAutoCommit, Boolean bDisableCompressedFetch, SqlStatementType stmtType, Int32 longFetchSize, Int32 arrayBindCount, Int64[] scnForSnapshot, MarshalBindParameterValueHelper& marshalBindParamsHelper, Int32 startIndex)
   at OracleInternal.ServiceObjects.OracleCommandImpl.ExecuteReader(String commandText, OracleParameterCollection paramColl, CommandType commandType, OracleConnectionImpl connectionImpl, OracleDataReaderImpl& rdrImpl, Int32 longFetchSize, Int64 clientInitialLOBFS, OracleDependencyImpl orclDependencyImpl, Int64[] scnForExecution, Int64[]& scnFromExecution, OracleParameterCollection& bindByPositionParamColl, Boolean& bBindParamPresent, Int64& internalInitialLOBFS, OracleException& exceptionForArrayBindDML, OracleConnection connection, OracleLogicalTransaction& oracleLogicalTransaction, IEnumerable`1 adrianParsedStmt, Boolean isDescribeOnly, Boolean isFromEF)
   at Oracle.ManagedDataAccess.Client.OracleCommand.ExecuteReader(Boolean requery, Boolean fillRequest, CommandBehavior behavior)
   at Oracle.ManagedDataAccess.Client.OracleDataAdapter.Fill(DataSet dataSet, Int32 startRecord, Int32 maxRecords, String srcTable, IDbCommand command, CommandBehavior behavior)
   at System.Data.Common.DbDataAdapter.Fill(DataSet dataSet, String srcTable)
   at GINNTAS.COracle.OpenDys(String strSQL, String pTableName, DataSet& mDataSet, String& SQL_Execution_Error, Boolean pShowErr) in D:\SVN\Source Code\TLB Project\Development\TLB_WIN_VB.NET_TAS Upgrade\GINNTAS\classs\COracle.vb:line 227
04/07/2021 22:13:33 [OpenDyns]  select T.*  from TAS.VIEW_PANEL T
04/07/2021 22:13:33 [OpenDyns] Oracle.ManagedDataAccess.Client.OracleException (0x80004005): Oracle error ORA-12571 encountered ---> OracleInternal.Network.NetworkException (0x80004005): Oracle error ORA-12571 encountered ---> System.Net.Sockets.SocketException (0x80004005): An existing connection was forcibly closed by the remote host
   at System.Net.Sockets.Socket.Send(Byte[] buffer, Int32 offset, Int32 size, SocketFlags socketFlags)
   at OracleInternal.Network.TcpTransportAdapter.Send(OraBuf OB)
   at OracleInternal.Network.TcpTransportAdapter.Send(OraBuf OB)
   at OracleInternal.Network.WriterStream.Write(OraBuf OB)
   at OracleInternal.TTC.OraBufWriter.FlushData()
   at OracleInternal.TTC.TTCExecuteSql.WriteOall8Message(Byte[] sqlStmtByteStream, Int32 cursorId, Int64 dbChangeRegistrationId, Int64 executeOptions, ColumnDescribeInfo[] colDefinesInfoArray, Int32 longFetchSize, Int32 arrayBindCount, Int32 numDefineCols, Int64 noOfRowsToFetch, SqlStatementType stmtType, MarshalBindParameterValueHelper& marshalBindParamsHelper, Int32 startIndex)
   at Oracle.ManagedDataAccess.Client.OracleException.HandleError(OracleTraceLevel level, OracleTraceTag tag, Exception ex, OracleLogicalTransaction oracleLogicalTransaction)
   at OracleInternal.TTC.TTCExecuteSql.WriteOall8Message(Byte[] sqlStmtByteStream, Int32 cursorId, Int64 dbChangeRegistrationId, Int64 executeOptions, ColumnDescribeInfo[] colDefinesInfoArray, Int32 longFetchSize, Int32 arrayBindCount, Int32 numDefineCols, Int64 noOfRowsToFetch, SqlStatementType stmtType, MarshalBindParameterValueHelper& marshalBindParamsHelper, Int32 startIndex)
   at OracleInternal.TTC.TTCExecuteSql.SendExecuteRequest(OracleConnectionImpl commImpl, Byte[] sqlStmtByteStream, Boolean bHasReturningClause, Int32 cursorId, Int64 dbChangeRegistrationId, ColumnDescribeInfo[] columnDefines, Int64 noOfRowsToFetch, Boolean parse, Boolean execute, Boolean fetch, Boolean define, Boolean bAutoCommit, Boolean bDisableCompressedFetch, SqlStatementType stmtType, Int32 longFetchSize, Int32 arrayBindCount, Int64[] scnForSnapshot, MarshalBindParameterValueHelper& marshalBindParamsHelper, Int32 startIndex)
   at OracleInternal.ServiceObjects.OracleCommandImpl.ExecuteReader(String commandText, OracleParameterCollection paramColl, CommandType commandType, OracleConnectionImpl connectionImpl, OracleDataReaderImpl& rdrImpl, Int32 longFetchSize, Int64 clientInitialLOBFS, OracleDependencyImpl orclDependencyImpl, Int64[] scnForExecution, Int64[]& scnFromExecution, OracleParameterCollection& bindByPositionParamColl, Boolean& bBindParamPresent, Int64& internalInitialLOBFS, OracleException& exceptionForArrayBindDML, OracleConnection connection, OracleLogicalTransaction& oracleLogicalTransaction, IEnumerable`1 adrianParsedStmt, Boolean isDescribeOnly, Boolean isFromEF)
   at Oracle.ManagedDataAccess.Client.OracleCommand.ExecuteReader(Boolean requery, Boolean fillRequest, CommandBehavior behavior)
   at Oracle.ManagedDataAccess.Client.OracleDataAdapter.Fill(DataSet dataSet, Int32 startRecord, Int32 maxRecords, String srcTable, IDbCommand command, CommandBehavior behavior)
   at System.Data.Common.DbDataAdapter.Fill(DataSet dataSet, String srcTable)
   at GINNTAS.COracle.OpenDys(String strSQL, String pTableName, DataSet& mDataSet, String& SQL_Execution_Error, Boolean pShowErr) in D:\SVN\Source Code\TLB Project\Development\TLB_WIN_VB.NET_TAS Upgrade\GINNTAS\classs\COracle.vb:line 227
