24/06/2021 16:28:41 [OpenDyns]  select T.*  from TAS.VIEW_PANEL T
24/06/2021 16:28:41 [OpenDyns] Oracle.ManagedDataAccess.Client.OracleException (0x80004005): ORA-12570: Network Session: Unexpected packet read error ---> OracleInternal.Network.NetworkException (0x80004005): ORA-12570: Network Session: Unexpected packet read error ---> System.Net.Sockets.SocketException (0x80004005): A connection attempt failed because the connected party did not properly respond after a period of time, or established connection failed because connected host has failed to respond
   at System.Net.Sockets.Socket.Receive(Byte[] buffer, Int32 offset, Int32 size, SocketFlags socketFlags)
   at OracleInternal.Network.ReaderStream.Read(OraBuf OB)
   at OracleInternal.Network.ReaderStream.Read(OraBuf OB)
   at OracleInternal.TTC.OraBufReader.GetDataFromNetwork()
   at OracleInternal.TTC.OraBufReader.Read(Boolean bIgnoreData)
   at OracleInternal.TTC.MarshallingEngine.UnmarshalUB1(Boolean bIgnoreData)
   at OracleInternal.TTC.TTCExecuteSql.ReceiveExecuteResponse(Accessor[]& defineAccessors, Accessor[] bindAccessors, Boolean bHasReturningParams, SQLMetaData& sqlMetaData, SqlStatementType statementType, Int64 noOfRowsFetchedLastTime, Int32 noOfRowsToFetch, Int32& noOfRowsFetched, Int64& queryId, Int32 longFetchSize, Int64 initialLOBFetchSize, Int64[] scnFromExecution, Boolean bAllInputBinds, Int32 arrayBindCount, DataUnmarshaller& dataUnmarshaller, MarshalBindParameterValueHelper& marshalBindParamsHelper, Int64[]& rowsAffectedByArrayBind, Boolean bDefineDone, Boolean& bMoreThanOneRowAffectedByDmlWithRetClause, List`1& implicitRSList, Boolean bLOBArrayFetchRequired)
   at Oracle.ManagedDataAccess.Client.OracleException.HandleError(OracleTraceLevel level, OracleTraceTag tag, Exception ex, OracleLogicalTransaction oracleLogicalTransaction)
   at OracleInternal.TTC.TTCExecuteSql.ReceiveExecuteResponse(Accessor[]& defineAccessors, Accessor[] bindAccessors, Boolean bHasReturningParams, SQLMetaData& sqlMetaData, SqlStatementType statementType, Int64 noOfRowsFetchedLastTime, Int32 noOfRowsToFetch, Int32& noOfRowsFetched, Int64& queryId, Int32 longFetchSize, Int64 initialLOBFetchSize, Int64[] scnFromExecution, Boolean bAllInputBinds, Int32 arrayBindCount, DataUnmarshaller& dataUnmarshaller, MarshalBindParameterValueHelper& marshalBindParamsHelper, Int64[]& rowsAffectedByArrayBind, Boolean bDefineDone, Boolean& bMoreThanOneRowAffectedByDmlWithRetClause, List`1& implicitRSList, Boolean bLOBArrayFetchRequired)
   at OracleInternal.ServiceObjects.OracleCommandImpl.ExecuteReader(String commandText, OracleParameterCollection paramColl, CommandType commandType, OracleConnectionImpl connectionImpl, OracleDataReaderImpl& rdrImpl, Int32 longFetchSize, Int64 clientInitialLOBFS, OracleDependencyImpl orclDependencyImpl, Int64[] scnForExecution, Int64[]& scnFromExecution, OracleParameterCollection& bindByPositionParamColl, Boolean& bBindParamPresent, Int64& internalInitialLOBFS, OracleException& exceptionForArrayBindDML, OracleConnection connection, OracleLogicalTransaction& oracleLogicalTransaction, IEnumerable`1 adrianParsedStmt, Boolean isDescribeOnly, Boolean isFromEF)
   at Oracle.ManagedDataAccess.Client.OracleCommand.ExecuteReader(Boolean requery, Boolean fillRequest, CommandBehavior behavior)
   at Oracle.ManagedDataAccess.Client.OracleDataAdapter.Fill(DataSet dataSet, Int32 startRecord, Int32 maxRecords, String srcTable, IDbCommand command, CommandBehavior behavior)
   at System.Data.Common.DbDataAdapter.Fill(DataSet dataSet, String srcTable)
   at GINNTAS.COracle.OpenDys(String strSQL, String pTableName, DataSet& mDataSet, String& SQL_Execution_Error, Boolean pShowErr) in D:\SVN\Source Code\TLB Project\Development\TLB_WIN_VB.NET_TAS Upgrade\GINNTAS\classs\COracle.vb:line 227
24/06/2021 16:28:41 [OpenDyns]  select T.*  from TAS.VIEW_PANEL T
24/06/2021 16:28:41 [OpenDyns] Oracle.ManagedDataAccess.Client.OracleException (0x80004005): Oracle error ORA-12571 encountered ---> OracleInternal.Network.NetworkException (0x80004005): Oracle error ORA-12571 encountered ---> System.Net.Sockets.SocketException (0x80004005): An existing connection was forcibly closed by the remote host
   at System.Net.Sockets.Socket.Send(Byte[] buffer, Int32 offset, Int32 size, SocketFlags socketFlags)
   at OracleInternal.Network.TcpTransportAdapter.Send(OraBuf OB)
   at OracleInternal.Network.TcpTransportAdapter.Send(OraBuf OB)
   at OracleInternal.Network.WriterStream.Write(OraBuf OB)
   at OracleInternal.TTC.OraBufWriter.FlushData()
   at OracleInternal.TTC.TTCExecuteSql.WriteOall8Message(Byte[] sqlStmtByteStream, Int32 cursorId, Int64 dbChangeRegistrationId, Int64 executeOptions, ColumnDescribeInfo[] colDefinesInfoArray, Int32 longFetchSize, Int32 arrayBindCount, Int32 numDefineCols, Int64 noOfRowsToFetch, SqlStatementType stmtType, MarshalBindParameterValueHelper& marshalBindParamsHelper, Int32 startIndex)
   at Oracle.ManagedDataAccess.Client.OracleException.HandleError(OracleTraceLevel level, OracleTraceTag tag, Exception ex, OracleLogicalTransaction oracleLogicalTransaction)
   at OracleInternal.TTC.TTCExecuteSql.WriteOall8Message(Byte[] sqlStmtByteStream, Int32 cursorId, Int64 dbChangeRegistrationId, Int64 executeOptions, ColumnDescribeInfo[] colDefinesInfoArray, Int32 longFetchSize, Int32 arrayBindCount, Int32 numDefineCols, Int64 noOfRowsToFetch, SqlStatementType stmtType, MarshalBindParameterValueHelper& marshalBindParamsHelper, Int32 startIndex)
   at OracleInternal.TTC.TTCExecuteSql.SendExecuteRequest(OracleConnectionImpl commImpl, Byte[] sqlStmtByteStream, Boolean bHasReturningClause, Int32 cursorId, Int64 dbChangeRegistrationId, ColumnDescribeInfo[] columnDefines, Int64 noOfRowsToFetch, Boolean parse, Boolean execute, Boolean fetch, Boolean define, Boolean bAutoCommit, Boolean bDisableCompressedFetch, SqlStatementType stmtType, Int32 longFetchSize, Int32 arrayBindCount, Int64[] scnForSnapshot, MarshalBindParameterValueHelper& marshalBindParamsHelper, Int32 startIndex)
   at OracleInternal.ServiceObjects.OracleCommandImpl.ExecuteReader(String commandText, OracleParameterCollection paramColl, CommandType commandType, OracleConnectionImpl connectionImpl, OracleDataReaderImpl& rdrImpl, Int32 longFetchSize, Int64 clientInitialLOBFS, OracleDependencyImpl orclDependencyImpl, Int64[] scnForExecution, Int64[]& scnFromExecution, OracleParameterCollection& bindByPositionParamColl, Boolean& bBindParamPresent, Int64& internalInitialLOBFS, OracleException& exceptionForArrayBindDML, OracleConnection connection, OracleLogicalTransaction& oracleLogicalTransaction, IEnumerable`1 adrianParsedStmt, Boolean isDescribeOnly, Boolean isFromEF)
   at Oracle.ManagedDataAccess.Client.OracleCommand.ExecuteReader(Boolean requery, Boolean fillRequest, CommandBehavior behavior)
   at Oracle.ManagedDataAccess.Client.OracleDataAdapter.Fill(DataSet dataSet, Int32 startRecord, Int32 maxRecords, String srcTable, IDbCommand command, CommandBehavior behavior)
   at System.Data.Common.DbDataAdapter.Fill(DataSet dataSet, String srcTable)
   at GINNTAS.COracle.OpenDys(String strSQL, String pTableName, DataSet& mDataSet, String& SQL_Execution_Error, Boolean pShowErr) in D:\SVN\Source Code\TLB Project\Development\TLB_WIN_VB.NET_TAS Upgrade\GINNTAS\classs\COracle.vb:line 227
24/06/2021 16:28:41 [OpenDyns]  select T.*  from TAS.VIEW_PANEL T
24/06/2021 16:28:41 [OpenDyns] Oracle.ManagedDataAccess.Client.OracleException (0x80004005): Oracle error ORA-12571 encountered ---> OracleInternal.Network.NetworkException (0x80004005): Oracle error ORA-12571 encountered ---> System.Net.Sockets.SocketException (0x80004005): An existing connection was forcibly closed by the remote host
   at System.Net.Sockets.Socket.Send(Byte[] buffer, Int32 offset, Int32 size, SocketFlags socketFlags)
   at OracleInternal.Network.TcpTransportAdapter.Send(OraBuf OB)
   at OracleInternal.Network.TcpTransportAdapter.Send(OraBuf OB)
   at OracleInternal.Network.WriterStream.Write(OraBuf OB)
   at OracleInternal.TTC.OraBufWriter.FlushData()
   at OracleInternal.TTC.TTCExecuteSql.WriteOall8Message(Byte[] sqlStmtByteStream, Int32 cursorId, Int64 dbChangeRegistrationId, Int64 executeOptions, ColumnDescribeInfo[] colDefinesInfoArray, Int32 longFetchSize, Int32 arrayBindCount, Int32 numDefineCols, Int64 noOfRowsToFetch, SqlStatementType stmtType, MarshalBindParameterValueHelper& marshalBindParamsHelper, Int32 startIndex)
   at Oracle.ManagedDataAccess.Client.OracleException.HandleError(OracleTraceLevel level, OracleTraceTag tag, Exception ex, OracleLogicalTransaction oracleLogicalTransaction)
   at OracleInternal.TTC.TTCExecuteSql.WriteOall8Message(Byte[] sqlStmtByteStream, Int32 cursorId, Int64 dbChangeRegistrationId, Int64 executeOptions, ColumnDescribeInfo[] colDefinesInfoArray, Int32 longFetchSize, Int32 arrayBindCount, Int32 numDefineCols, Int64 noOfRowsToFetch, SqlStatementType stmtType, MarshalBindParameterValueHelper& marshalBindParamsHelper, Int32 startIndex)
   at OracleInternal.TTC.TTCExecuteSql.SendExecuteRequest(OracleConnectionImpl commImpl, Byte[] sqlStmtByteStream, Boolean bHasReturningClause, Int32 cursorId, Int64 dbChangeRegistrationId, ColumnDescribeInfo[] columnDefines, Int64 noOfRowsToFetch, Boolean parse, Boolean execute, Boolean fetch, Boolean define, Boolean bAutoCommit, Boolean bDisableCompressedFetch, SqlStatementType stmtType, Int32 longFetchSize, Int32 arrayBindCount, Int64[] scnForSnapshot, MarshalBindParameterValueHelper& marshalBindParamsHelper, Int32 startIndex)
   at OracleInternal.ServiceObjects.OracleCommandImpl.ExecuteReader(String commandText, OracleParameterCollection paramColl, CommandType commandType, OracleConnectionImpl connectionImpl, OracleDataReaderImpl& rdrImpl, Int32 longFetchSize, Int64 clientInitialLOBFS, OracleDependencyImpl orclDependencyImpl, Int64[] scnForExecution, Int64[]& scnFromExecution, OracleParameterCollection& bindByPositionParamColl, Boolean& bBindParamPresent, Int64& internalInitialLOBFS, OracleException& exceptionForArrayBindDML, OracleConnection connection, OracleLogicalTransaction& oracleLogicalTransaction, IEnumerable`1 adrianParsedStmt, Boolean isDescribeOnly, Boolean isFromEF)
   at Oracle.ManagedDataAccess.Client.OracleCommand.ExecuteReader(Boolean requery, Boolean fillRequest, CommandBehavior behavior)
   at Oracle.ManagedDataAccess.Client.OracleDataAdapter.Fill(DataSet dataSet, Int32 startRecord, Int32 maxRecords, String srcTable, IDbCommand command, CommandBehavior behavior)
   at System.Data.Common.DbDataAdapter.Fill(DataSet dataSet, String srcTable)
   at GINNTAS.COracle.OpenDys(String strSQL, String pTableName, DataSet& mDataSet, String& SQL_Execution_Error, Boolean pShowErr) in D:\SVN\Source Code\TLB Project\Development\TLB_WIN_VB.NET_TAS Upgrade\GINNTAS\classs\COracle.vb:line 227
