12/02/2019 09:46:24 [ExecuteSQL] update SALE_PRODUCT S set S.SALE_PRODUCT_NAME='Bitumen 60/70',S.SALE_PRODUCT_CODE='BITUMEN',S.PRODUCT_MAP_OILSYS='BIT60',S.SALE_PRODUCT_TYPE='',S.UNIT='KG',S.base_product_id='BITUMEN',S.DESCRIPTION='แอสฟัลต์ 60/70',S.UPDATE_DATE=sysdate,S.UPDATED_BY='ADMIN',S.AUTO_SORT= '0' ,S.IS_WEIGHT_PROCESS=1,S.is_meter_load=1,S.IS_CHECK_TARE_WIEGHT=1,S.IS_LOAD_PROCESS=1,S.IS_ENABLE=1,S.GROUP_NAME='BITUMEN',S.GOV_COQ_NO='คค06140/232'S.GOV_COQ_DATE=to_date('11/02/2019','dd/mm/yyyy')  where S.SALE_PRODUCT_ID='50001'
12/02/2019 09:46:24 [ExecuteSQL] Oracle.ManagedDataAccess.Client.OracleException (0x80004005): ORA-00933: SQL command not properly ended
   at OracleInternal.ServiceObjects.OracleConnectionImpl.VerifyExecution(Int32& cursorId, Boolean bThrowArrayBindRelatedErrors, SqlStatementType sqlStatementType, Int32 arrayBindCount, OracleException& exceptionForArrayBindDML, Boolean& hasMoreRowsInDB, Boolean bFirstIterationDone)
   at OracleInternal.ServiceObjects.OracleCommandImpl.VerifyExecution(OracleConnectionImpl connectionImpl, Int32& cursorId, Boolean bThrowArrayBindRelatedErrors, OracleException& exceptionForArrayBindDML, Boolean& hasMoreRowsInDB, Boolean bFirstIterationDone)
   at OracleInternal.ServiceObjects.OracleCommandImpl.ExecuteNonQuery(String commandText, OracleParameterCollection paramColl, CommandType commandType, OracleConnectionImpl connectionImpl, Int32 longFetchSize, Int64 clientInitialLOBFS, OracleDependencyImpl orclDependencyImpl, Int64[]& scnFromExecution, OracleParameterCollection& bindByPositionParamColl, Boolean& bBindParamPresent, OracleException& exceptionForArrayBindDML, OracleConnection connection, OracleLogicalTransaction& oracleLogicalTransaction, Boolean isFromEF)
   at Oracle.ManagedDataAccess.Client.OracleCommand.ExecuteNonQuery()
   at GINNTAS.COracle.ExeSQL(String strSQL, String& SQL_Execution_Error) in D:\code_test\TAS\GINNTAS_TLB\GINNTAS\classs\COracle.vb:line 290
12/02/2019 09:49:06 [ExecuteSQL] insert into SALE_PRODUCT(SALE_PRODUCT_ID,SALE_PRODUCT_NAME,SALE_PRODUCT_CODE,SALE_PRODUCT_TYPE,UNIT,base_product_id,DESCRIPTION,PRODUCT_MAP_OILSYS,IS_WEIGHT_PROCESS,is_meter_load,IS_CHECK_TARE_WIEGHT,IS_LOAD_PROCESS,CREATION_DATE,CREATED_BY,UPDATE_DATE,UPDATED_BY,AUTO_SORT,IS_ENABLE,GROUP_NAME,GOV_COQ_NO,GOV_COQ_DATE) values('50027','tttt','ttt','','ggg',  'LITRE', 'BITUMEN','ttt',1,1,1,1,sysdate,'ADMIN',sysdate,'ADMIN','',1,'tt','fgfgf'to_date('16/03/2015','dd/mm/yyyy') )
12/02/2019 09:49:06 [ExecuteSQL] Oracle.ManagedDataAccess.Client.OracleException (0x80004005): ORA-00917: missing comma
   at OracleInternal.ServiceObjects.OracleConnectionImpl.VerifyExecution(Int32& cursorId, Boolean bThrowArrayBindRelatedErrors, SqlStatementType sqlStatementType, Int32 arrayBindCount, OracleException& exceptionForArrayBindDML, Boolean& hasMoreRowsInDB, Boolean bFirstIterationDone)
   at OracleInternal.ServiceObjects.OracleCommandImpl.VerifyExecution(OracleConnectionImpl connectionImpl, Int32& cursorId, Boolean bThrowArrayBindRelatedErrors, OracleException& exceptionForArrayBindDML, Boolean& hasMoreRowsInDB, Boolean bFirstIterationDone)
   at OracleInternal.ServiceObjects.OracleCommandImpl.ExecuteNonQuery(String commandText, OracleParameterCollection paramColl, CommandType commandType, OracleConnectionImpl connectionImpl, Int32 longFetchSize, Int64 clientInitialLOBFS, OracleDependencyImpl orclDependencyImpl, Int64[]& scnFromExecution, OracleParameterCollection& bindByPositionParamColl, Boolean& bBindParamPresent, OracleException& exceptionForArrayBindDML, OracleConnection connection, OracleLogicalTransaction& oracleLogicalTransaction, Boolean isFromEF)
   at Oracle.ManagedDataAccess.Client.OracleCommand.ExecuteNonQuery()
   at GINNTAS.COracle.ExeSQL(String strSQL, String& SQL_Execution_Error) in D:\code_test\TAS\GINNTAS_TLB\GINNTAS\classs\COracle.vb:line 290
12/02/2019 09:50:06 [ExecuteSQL] insert into SALE_PRODUCT(SALE_PRODUCT_ID,SALE_PRODUCT_NAME,SALE_PRODUCT_CODE,SALE_PRODUCT_TYPE,UNIT,base_product_id,DESCRIPTION,PRODUCT_MAP_OILSYS,IS_WEIGHT_PROCESS,is_meter_load,IS_CHECK_TARE_WIEGHT,IS_LOAD_PROCESS,CREATION_DATE,CREATED_BY,UPDATE_DATE,UPDATED_BY,AUTO_SORT,IS_ENABLE,GROUP_NAME,GOV_COQ_NO,GOV_COQ_DATE) values('50027','tttt','ttt','','ggg',  'LITRE', 'BITUMEN','ttt',1,1,1,1,sysdate,'ADMIN',sysdate,'ADMIN','',1,'tt','fgfgf,'to_date('16/03/2015','dd/mm/yyyy') )
12/02/2019 09:50:06 [ExecuteSQL] Oracle.ManagedDataAccess.Client.OracleException (0x80004005): ORA-00917: missing comma
   at OracleInternal.ServiceObjects.OracleConnectionImpl.VerifyExecution(Int32& cursorId, Boolean bThrowArrayBindRelatedErrors, SqlStatementType sqlStatementType, Int32 arrayBindCount, OracleException& exceptionForArrayBindDML, Boolean& hasMoreRowsInDB, Boolean bFirstIterationDone)
   at OracleInternal.ServiceObjects.OracleCommandImpl.VerifyExecution(OracleConnectionImpl connectionImpl, Int32& cursorId, Boolean bThrowArrayBindRelatedErrors, OracleException& exceptionForArrayBindDML, Boolean& hasMoreRowsInDB, Boolean bFirstIterationDone)
   at OracleInternal.ServiceObjects.OracleCommandImpl.ExecuteNonQuery(String commandText, OracleParameterCollection paramColl, CommandType commandType, OracleConnectionImpl connectionImpl, Int32 longFetchSize, Int64 clientInitialLOBFS, OracleDependencyImpl orclDependencyImpl, Int64[]& scnFromExecution, OracleParameterCollection& bindByPositionParamColl, Boolean& bBindParamPresent, OracleException& exceptionForArrayBindDML, OracleConnection connection, OracleLogicalTransaction& oracleLogicalTransaction, Boolean isFromEF)
   at Oracle.ManagedDataAccess.Client.OracleCommand.ExecuteNonQuery()
   at GINNTAS.COracle.ExeSQL(String strSQL, String& SQL_Execution_Error)
12/02/2019 09:52:39 [ExecuteSQL] insert into SALE_PRODUCT(SALE_PRODUCT_ID,SALE_PRODUCT_NAME,SALE_PRODUCT_CODE,SALE_PRODUCT_TYPE,UNIT,base_product_id,DESCRIPTION,PRODUCT_MAP_OILSYS,IS_WEIGHT_PROCESS,is_meter_load,IS_CHECK_TARE_WIEGHT,IS_LOAD_PROCESS,CREATION_DATE,CREATED_BY,UPDATE_DATE,UPDATED_BY,AUTO_SORT,IS_ENABLE,GROUP_NAME,GOV_COQ_NO,GOV_COQ_DATE) values('50027','ttt','tttttt','','tttttt',  'KG', 'BITUMEN','ttttttt',1,1,1,1,sysdate,'ADMIN',sysdate,'ADMIN','',1,'tttttt','ttttttttt',to_date('16/03/2015','dd/mm/yyyy') )
12/02/2019 09:52:39 [ExecuteSQL] Oracle.ManagedDataAccess.Client.OracleException (0x80004005): ORA-12899: value too large for column "TAS"."SALE_PRODUCT"."UNIT" (actual: 6, maximum: 5)
   at OracleInternal.ServiceObjects.OracleConnectionImpl.VerifyExecution(Int32& cursorId, Boolean bThrowArrayBindRelatedErrors, SqlStatementType sqlStatementType, Int32 arrayBindCount, OracleException& exceptionForArrayBindDML, Boolean& hasMoreRowsInDB, Boolean bFirstIterationDone)
   at OracleInternal.ServiceObjects.OracleCommandImpl.VerifyExecution(OracleConnectionImpl connectionImpl, Int32& cursorId, Boolean bThrowArrayBindRelatedErrors, OracleException& exceptionForArrayBindDML, Boolean& hasMoreRowsInDB, Boolean bFirstIterationDone)
   at OracleInternal.ServiceObjects.OracleCommandImpl.ExecuteNonQuery(String commandText, OracleParameterCollection paramColl, CommandType commandType, OracleConnectionImpl connectionImpl, Int32 longFetchSize, Int64 clientInitialLOBFS, OracleDependencyImpl orclDependencyImpl, Int64[]& scnFromExecution, OracleParameterCollection& bindByPositionParamColl, Boolean& bBindParamPresent, OracleException& exceptionForArrayBindDML, OracleConnection connection, OracleLogicalTransaction& oracleLogicalTransaction, Boolean isFromEF)
   at Oracle.ManagedDataAccess.Client.OracleCommand.ExecuteNonQuery()
   at GINNTAS.COracle.ExeSQL(String strSQL, String& SQL_Execution_Error) in D:\code_test\TAS\GINNTAS_TLB\GINNTAS\classs\COracle.vb:line 290
12/02/2019 09:53:53 [ExecuteSQL] insert into SALE_PRODUCT(SALE_PRODUCT_ID,SALE_PRODUCT_NAME,SALE_PRODUCT_CODE,SALE_PRODUCT_TYPE,UNIT,base_product_id,DESCRIPTION,PRODUCT_MAP_OILSYS,IS_WEIGHT_PROCESS,is_meter_load,IS_CHECK_TARE_WIEGHT,IS_LOAD_PROCESS,CREATION_DATE,CREATED_BY,UPDATE_DATE,UPDATED_BY,AUTO_SORT,IS_ENABLE,GROUP_NAME,GOV_COQ_NO,GOV_COQ_DATE) values('50027','ttt','tttttt','','tttttt',  'KG', 'BITUMEN','ttttttt',1,1,1,1,sysdate,'ADMIN',sysdate,'ADMIN','',1,'tttttt','ttttttttt',to_date('16/03/2015','dd/mm/yyyy') )
12/02/2019 09:53:53 [ExecuteSQL] Oracle.ManagedDataAccess.Client.OracleException (0x80004005): ORA-12899: value too large for column "TAS"."SALE_PRODUCT"."UNIT" (actual: 6, maximum: 5)
   at OracleInternal.ServiceObjects.OracleConnectionImpl.VerifyExecution(Int32& cursorId, Boolean bThrowArrayBindRelatedErrors, SqlStatementType sqlStatementType, Int32 arrayBindCount, OracleException& exceptionForArrayBindDML, Boolean& hasMoreRowsInDB, Boolean bFirstIterationDone)
   at OracleInternal.ServiceObjects.OracleCommandImpl.VerifyExecution(OracleConnectionImpl connectionImpl, Int32& cursorId, Boolean bThrowArrayBindRelatedErrors, OracleException& exceptionForArrayBindDML, Boolean& hasMoreRowsInDB, Boolean bFirstIterationDone)
   at OracleInternal.ServiceObjects.OracleCommandImpl.ExecuteNonQuery(String commandText, OracleParameterCollection paramColl, CommandType commandType, OracleConnectionImpl connectionImpl, Int32 longFetchSize, Int64 clientInitialLOBFS, OracleDependencyImpl orclDependencyImpl, Int64[]& scnFromExecution, OracleParameterCollection& bindByPositionParamColl, Boolean& bBindParamPresent, OracleException& exceptionForArrayBindDML, OracleConnection connection, OracleLogicalTransaction& oracleLogicalTransaction, Boolean isFromEF)
   at Oracle.ManagedDataAccess.Client.OracleCommand.ExecuteNonQuery()
   at GINNTAS.COracle.ExeSQL(String strSQL, String& SQL_Execution_Error) in D:\code_test\TAS\GINNTAS_TLB\GINNTAS\classs\COracle.vb:line 290
12/02/2019 09:59:37 [ExecuteSQL] Update rpt.DELIVERY_REPORT_BITUMEN t SET t.gov_coq_no='คค06140/232' ,t.coq_date =to_date('11/02/2019','dd/mm/yyyy') t.gov_coq_date =to_date('11/02/2019','dd/mm/yyyy')  Where t.load_header_no=510280436
12/02/2019 09:59:38 [ExecuteSQL] Oracle.ManagedDataAccess.Client.OracleException (0x80004005): ORA-00933: SQL command not properly ended
   at OracleInternal.ServiceObjects.OracleConnectionImpl.VerifyExecution(Int32& cursorId, Boolean bThrowArrayBindRelatedErrors, SqlStatementType sqlStatementType, Int32 arrayBindCount, OracleException& exceptionForArrayBindDML, Boolean& hasMoreRowsInDB, Boolean bFirstIterationDone)
   at OracleInternal.ServiceObjects.OracleCommandImpl.VerifyExecution(OracleConnectionImpl connectionImpl, Int32& cursorId, Boolean bThrowArrayBindRelatedErrors, OracleException& exceptionForArrayBindDML, Boolean& hasMoreRowsInDB, Boolean bFirstIterationDone)
   at OracleInternal.ServiceObjects.OracleCommandImpl.ExecuteNonQuery(String commandText, OracleParameterCollection paramColl, CommandType commandType, OracleConnectionImpl connectionImpl, Int32 longFetchSize, Int64 clientInitialLOBFS, OracleDependencyImpl orclDependencyImpl, Int64[]& scnFromExecution, OracleParameterCollection& bindByPositionParamColl, Boolean& bBindParamPresent, OracleException& exceptionForArrayBindDML, OracleConnection connection, OracleLogicalTransaction& oracleLogicalTransaction, Boolean isFromEF)
   at Oracle.ManagedDataAccess.Client.OracleCommand.ExecuteNonQuery()
   at GINNTAS.COracle.ExeSQL(String strSQL, String& SQL_Execution_Error) in D:\code_test\TAS\GINNTAS_TLB\GINNTAS\classs\COracle.vb:line 290
12/02/2019 10:02:25 [OpenDyns] select t.sale_product_name,t.coq_no,to_char(t.coq_date,'dd/mm/yyyy') as coq_date ,t.gov_coq_no,to_char(t.gov_coq_date.'dd/mm/yyyy') as gov_coq_date from rpt.DELIVERY_REPORT_BITUMEN t where t.load_header_no =510280437
12/02/2019 10:02:26 [OpenDyns] Oracle.ManagedDataAccess.Client.OracleException (0x80004005): ORA-01747: invalid user.table.column, table.column, or column specification
   at OracleInternal.ServiceObjects.OracleConnectionImpl.VerifyExecution(Int32& cursorId, Boolean bThrowArrayBindRelatedErrors, SqlStatementType sqlStatementType, Int32 arrayBindCount, OracleException& exceptionForArrayBindDML, Boolean& hasMoreRowsInDB, Boolean bFirstIterationDone)
   at OracleInternal.ServiceObjects.OracleCommandImpl.VerifyExecution(OracleConnectionImpl connectionImpl, Int32& cursorId, Boolean bThrowArrayBindRelatedErrors, OracleException& exceptionForArrayBindDML, Boolean& hasMoreRowsInDB, Boolean bFirstIterationDone)
   at OracleInternal.ServiceObjects.OracleCommandImpl.ExecuteReader(String commandText, OracleParameterCollection paramColl, CommandType commandType, OracleConnectionImpl connectionImpl, OracleDataReaderImpl& rdrImpl, Int32 longFetchSize, Int64 clientInitialLOBFS, OracleDependencyImpl orclDependencyImpl, Int64[] scnForExecution, Int64[]& scnFromExecution, OracleParameterCollection& bindByPositionParamColl, Boolean& bBindParamPresent, Int64& internalInitialLOBFS, OracleException& exceptionForArrayBindDML, OracleConnection connection, OracleLogicalTransaction& oracleLogicalTransaction, IEnumerable`1 adrianParsedStmt, Boolean isDescribeOnly, Boolean isFromEF)
   at Oracle.ManagedDataAccess.Client.OracleCommand.ExecuteReader(Boolean requery, Boolean fillRequest, CommandBehavior behavior)
   at Oracle.ManagedDataAccess.Client.OracleDataAdapter.Fill(DataSet dataSet, Int32 startRecord, Int32 maxRecords, String srcTable, IDbCommand command, CommandBehavior behavior)
   at System.Data.Common.DbDataAdapter.Fill(DataSet dataSet, String srcTable)
   at GINNTAS.COracle.OpenDys(String strSQL, String pTableName, DataSet& mDataSet, String& SQL_Execution_Error, Boolean pShowErr) in D:\code_test\TAS\GINNTAS_TLB\GINNTAS\classs\COracle.vb:line 227
12/02/2019 10:02:30 [OpenDyns] select t.sale_product_name,t.coq_no,to_char(t.coq_date,'dd/mm/yyyy') as coq_date ,t.gov_coq_no,to_char(t.gov_coq_date.'dd/mm/yyyy') as gov_coq_date from rpt.DELIVERY_REPORT_BITUMEN t where t.load_header_no =510280437
12/02/2019 10:02:30 [OpenDyns] Oracle.ManagedDataAccess.Client.OracleException (0x80004005): ORA-01747: invalid user.table.column, table.column, or column specification
   at OracleInternal.ServiceObjects.OracleConnectionImpl.VerifyExecution(Int32& cursorId, Boolean bThrowArrayBindRelatedErrors, SqlStatementType sqlStatementType, Int32 arrayBindCount, OracleException& exceptionForArrayBindDML, Boolean& hasMoreRowsInDB, Boolean bFirstIterationDone)
   at OracleInternal.ServiceObjects.OracleCommandImpl.VerifyExecution(OracleConnectionImpl connectionImpl, Int32& cursorId, Boolean bThrowArrayBindRelatedErrors, OracleException& exceptionForArrayBindDML, Boolean& hasMoreRowsInDB, Boolean bFirstIterationDone)
   at OracleInternal.ServiceObjects.OracleCommandImpl.ExecuteReader(String commandText, OracleParameterCollection paramColl, CommandType commandType, OracleConnectionImpl connectionImpl, OracleDataReaderImpl& rdrImpl, Int32 longFetchSize, Int64 clientInitialLOBFS, OracleDependencyImpl orclDependencyImpl, Int64[] scnForExecution, Int64[]& scnFromExecution, OracleParameterCollection& bindByPositionParamColl, Boolean& bBindParamPresent, Int64& internalInitialLOBFS, OracleException& exceptionForArrayBindDML, OracleConnection connection, OracleLogicalTransaction& oracleLogicalTransaction, IEnumerable`1 adrianParsedStmt, Boolean isDescribeOnly, Boolean isFromEF)
   at Oracle.ManagedDataAccess.Client.OracleCommand.ExecuteReader(Boolean requery, Boolean fillRequest, CommandBehavior behavior)
   at Oracle.ManagedDataAccess.Client.OracleDataAdapter.Fill(DataSet dataSet, Int32 startRecord, Int32 maxRecords, String srcTable, IDbCommand command, CommandBehavior behavior)
   at System.Data.Common.DbDataAdapter.Fill(DataSet dataSet, String srcTable)
   at GINNTAS.COracle.OpenDys(String strSQL, String pTableName, DataSet& mDataSet, String& SQL_Execution_Error, Boolean pShowErr) in D:\code_test\TAS\GINNTAS_TLB\GINNTAS\classs\COracle.vb:line 227
